<?xml version="1.0" encoding="UTF-8"?>
<testsuite name="com.ecommerce.MoShop.MoShopApplicationTests" tests="1" skipped="0" failures="0" errors="0" timestamp="2024-09-24T04:23:22" hostname="osmacs-MBP.lan" time="0.594">
  <properties/>
  <testcase name="contextLoads()" classname="com.ecommerce.MoShop.MoShopApplicationTests" time="0.594"/>
  <system-out><![CDATA[11:23:02.699 [Test worker] INFO org.springframework.test.context.support.AnnotationConfigContextLoaderUtils -- Could not detect default configuration classes for test class [com.ecommerce.MoShop.MoShopApplicationTests]: MoShopApplicationTests does not declare any static, non-private, non-final, nested classes annotated with @Configuration.
11:23:02.802 [Test worker] INFO org.springframework.boot.test.context.SpringBootTestContextBootstrapper -- Found @SpringBootConfiguration com.ecommerce.MoShop.MoShopApplication for test class com.ecommerce.MoShop.MoShopApplicationTests

  .   ____          _            __ _ _
 /\\ / ___'_ __ _ _(_)_ __  __ _ \ \ \ \
( ( )\___ | '_ | '_| | '_ \/ _` | \ \ \ \
 \\/  ___)| |_)| | | | | || (_| |  ) ) ) )
  '  |____| .__|_| |_|_| |_\__, | / / / /
 =========|_|==============|___/=/_/_/_/
 :: Spring Boot ::                (v3.1.5)

2024-09-24T11:23:03.183+07:00  INFO 21606 --- [    Test worker] c.e.MoShop.MoShopApplicationTests        : Starting MoShopApplicationTests using Java 20.0.2.1 with PID 21606 (started by macos in /Users/macos/Desktop/MoShop)
2024-09-24T11:23:03.184+07:00  INFO 21606 --- [    Test worker] c.e.MoShop.MoShopApplicationTests        : No active profile set, falling back to 1 default profile: "default"
2024-09-24T11:23:04.003+07:00  INFO 21606 --- [    Test worker] .s.d.r.c.RepositoryConfigurationDelegate : Bootstrapping Spring Data JPA repositories in DEFAULT mode.
2024-09-24T11:23:04.080+07:00  INFO 21606 --- [    Test worker] .s.d.r.c.RepositoryConfigurationDelegate : Finished Spring Data repository scanning in 70 ms. Found 8 JPA repository interfaces.
2024-09-24T11:23:04.581+07:00  INFO 21606 --- [    Test worker] o.hibernate.jpa.internal.util.LogHelper  : HHH000204: Processing PersistenceUnitInfo [name: default]
2024-09-24T11:23:04.625+07:00  INFO 21606 --- [    Test worker] org.hibernate.Version                    : HHH000412: Hibernate ORM core version 6.2.13.Final
2024-09-24T11:23:04.627+07:00  INFO 21606 --- [    Test worker] org.hibernate.cfg.Environment            : HHH000406: Using bytecode reflection optimizer
2024-09-24T11:23:04.868+07:00  INFO 21606 --- [    Test worker] o.s.o.j.p.SpringPersistenceUnitInfo      : No LoadTimeWeaver setup: ignoring JPA class transformer
2024-09-24T11:23:04.889+07:00  INFO 21606 --- [    Test worker] com.zaxxer.hikari.HikariDataSource       : HikariPool-1 - Starting...
2024-09-24T11:23:08.412+07:00  INFO 21606 --- [    Test worker] com.zaxxer.hikari.pool.HikariPool        : HikariPool-1 - Added connection org.postgresql.jdbc.PgConnection@100807ca
2024-09-24T11:23:08.413+07:00  INFO 21606 --- [    Test worker] com.zaxxer.hikari.HikariDataSource       : HikariPool-1 - Start completed.
2024-09-24T11:23:08.727+07:00  WARN 21606 --- [    Test worker] org.hibernate.orm.deprecation            : HHH90000025: PostgreSQLDialect does not need to be specified explicitly using 'hibernate.dialect' (remove the property setting and it will be selected by default)
2024-09-24T11:23:10.613+07:00  INFO 21606 --- [    Test worker] o.h.e.t.j.p.i.JtaPlatformInitiator       : HHH000489: No JTA platform available (set 'hibernate.transaction.jta.platform' to enable JTA platform integration)
2024-09-24T11:23:20.899+07:00  INFO 21606 --- [    Test worker] j.LocalContainerEntityManagerFactoryBean : Initialized JPA EntityManagerFactory for persistence unit 'default'
2024-09-24T11:23:21.405+07:00  INFO 21606 --- [    Test worker] o.s.d.j.r.query.QueryEnhancerFactory     : Hibernate is in classpath; If applicable, HQL parser will be used.
2024-09-24T11:23:22.038+07:00  WARN 21606 --- [    Test worker] JpaBaseConfiguration$JpaWebConfiguration : spring.jpa.open-in-view is enabled by default. Therefore, database queries may be performed during view rendering. Explicitly configure spring.jpa.open-in-view to disable this warning
2024-09-24T11:23:22.398+07:00  INFO 21606 --- [    Test worker] o.s.s.web.DefaultSecurityFilterChain     : Will secure any request with [org.springframework.security.web.session.DisableEncodeUrlFilter@757bbd02, org.springframework.security.web.context.request.async.WebAsyncManagerIntegrationFilter@194feb27, org.springframework.security.web.context.SecurityContextHolderFilter@2e03b52f, org.springframework.security.web.header.HeaderWriterFilter@56c95789, org.springframework.web.filter.CorsFilter@316745d8, org.springframework.security.web.authentication.logout.LogoutFilter@398f6622, com.ecommerce.MoShop.common.security.Jwt.JwtAuthenticationFilter@5d10e2b6, org.springframework.security.web.savedrequest.RequestCacheAwareFilter@6e681c3b, org.springframework.security.web.servletapi.SecurityContextHolderAwareRequestFilter@22e8f04c, org.springframework.security.web.authentication.AnonymousAuthenticationFilter@3df920, org.springframework.security.web.session.SessionManagementFilter@79c4c973, org.springframework.security.web.access.ExceptionTranslationFilter@275860e9, org.springframework.security.web.access.intercept.AuthorizationFilter@2a58d00a]
2024-09-24T11:23:22.731+07:00  INFO 21606 --- [    Test worker] c.e.MoShop.MoShopApplicationTests        : Started MoShopApplicationTests in 19.781 seconds (process running for 21.115)
]]></system-out>
  <system-err><![CDATA[]]></system-err>
</testsuite>
