<?xml version="1.0" encoding="UTF-8"?>
<testsuite name="com.ecommerce.MoShop.MoShopApplicationTests" tests="1" skipped="0" failures="0" errors="0" timestamp="2024-09-26T12:56:57" hostname="osmacs-MBP.lan" time="0.542">
  <properties/>
  <testcase name="contextLoads()" classname="com.ecommerce.MoShop.MoShopApplicationTests" time="0.542"/>
  <system-out><![CDATA[19:56:36.529 [Test worker] INFO org.springframework.test.context.support.AnnotationConfigContextLoaderUtils -- Could not detect default configuration classes for test class [com.ecommerce.MoShop.MoShopApplicationTests]: MoShopApplicationTests does not declare any static, non-private, non-final, nested classes annotated with @Configuration.
19:56:36.629 [Test worker] INFO org.springframework.boot.test.context.SpringBootTestContextBootstrapper -- Found @SpringBootConfiguration com.ecommerce.MoShop.MoShopApplication for test class com.ecommerce.MoShop.MoShopApplicationTests

  .   ____          _            __ _ _
 /\\ / ___'_ __ _ _(_)_ __  __ _ \ \ \ \
( ( )\___ | '_ | '_| | '_ \/ _` | \ \ \ \
 \\/  ___)| |_)| | | | | || (_| |  ) ) ) )
  '  |____| .__|_| |_|_| |_\__, | / / / /
 =========|_|==============|___/=/_/_/_/
 :: Spring Boot ::                (v3.1.5)

2024-09-26T19:56:37.006+07:00  INFO 27866 --- [    Test worker] c.e.MoShop.MoShopApplicationTests        : Starting MoShopApplicationTests using Java 20.0.2.1 with PID 27866 (started by macos in /Users/macos/Desktop/MoShop)
2024-09-26T19:56:37.008+07:00  INFO 27866 --- [    Test worker] c.e.MoShop.MoShopApplicationTests        : No active profile set, falling back to 1 default profile: "default"
2024-09-26T19:56:37.826+07:00  INFO 27866 --- [    Test worker] .s.d.r.c.RepositoryConfigurationDelegate : Bootstrapping Spring Data JPA repositories in DEFAULT mode.
2024-09-26T19:56:37.906+07:00  INFO 27866 --- [    Test worker] .s.d.r.c.RepositoryConfigurationDelegate : Finished Spring Data repository scanning in 73 ms. Found 10 JPA repository interfaces.
2024-09-26T19:56:38.324+07:00  INFO 27866 --- [    Test worker] o.hibernate.jpa.internal.util.LogHelper  : HHH000204: Processing PersistenceUnitInfo [name: default]
2024-09-26T19:56:38.361+07:00  INFO 27866 --- [    Test worker] org.hibernate.Version                    : HHH000412: Hibernate ORM core version 6.2.13.Final
2024-09-26T19:56:38.363+07:00  INFO 27866 --- [    Test worker] org.hibernate.cfg.Environment            : HHH000406: Using bytecode reflection optimizer
2024-09-26T19:56:38.583+07:00  INFO 27866 --- [    Test worker] o.s.o.j.p.SpringPersistenceUnitInfo      : No LoadTimeWeaver setup: ignoring JPA class transformer
2024-09-26T19:56:38.603+07:00  INFO 27866 --- [    Test worker] com.zaxxer.hikari.HikariDataSource       : HikariPool-1 - Starting...
2024-09-26T19:56:42.508+07:00  INFO 27866 --- [    Test worker] com.zaxxer.hikari.pool.HikariPool        : HikariPool-1 - Added connection org.postgresql.jdbc.PgConnection@26f5e45d
2024-09-26T19:56:42.509+07:00  INFO 27866 --- [    Test worker] com.zaxxer.hikari.HikariDataSource       : HikariPool-1 - Start completed.
2024-09-26T19:56:42.825+07:00  WARN 27866 --- [    Test worker] org.hibernate.orm.deprecation            : HHH90000025: PostgreSQLDialect does not need to be specified explicitly using 'hibernate.dialect' (remove the property setting and it will be selected by default)
2024-09-26T19:56:44.658+07:00  INFO 27866 --- [    Test worker] o.h.e.t.j.p.i.JtaPlatformInitiator       : HHH000489: No JTA platform available (set 'hibernate.transaction.jta.platform' to enable JTA platform integration)
2024-09-26T19:56:55.656+07:00  INFO 27866 --- [    Test worker] j.LocalContainerEntityManagerFactoryBean : Initialized JPA EntityManagerFactory for persistence unit 'default'
2024-09-26T19:56:56.051+07:00  INFO 27866 --- [    Test worker] o.s.d.j.r.query.QueryEnhancerFactory     : Hibernate is in classpath; If applicable, HQL parser will be used.
2024-09-26T19:56:56.615+07:00  WARN 27866 --- [    Test worker] JpaBaseConfiguration$JpaWebConfiguration : spring.jpa.open-in-view is enabled by default. Therefore, database queries may be performed during view rendering. Explicitly configure spring.jpa.open-in-view to disable this warning
2024-09-26T19:56:56.901+07:00  INFO 27866 --- [    Test worker] o.s.s.web.DefaultSecurityFilterChain     : Will secure any request with [org.springframework.security.web.session.DisableEncodeUrlFilter@36b1b28, org.springframework.security.web.context.request.async.WebAsyncManagerIntegrationFilter@65669def, org.springframework.security.web.context.SecurityContextHolderFilter@7a213820, org.springframework.security.web.header.HeaderWriterFilter@511e0453, org.springframework.web.filter.CorsFilter@15d25244, org.springframework.security.web.authentication.logout.LogoutFilter@4044f07b, com.ecommerce.MoShop.common.security.Jwt.JwtAuthenticationFilter@1e284d90, org.springframework.security.web.savedrequest.RequestCacheAwareFilter@210b4145, org.springframework.security.web.servletapi.SecurityContextHolderAwareRequestFilter@816272a, org.springframework.security.web.authentication.AnonymousAuthenticationFilter@73602e88, org.springframework.security.web.session.SessionManagementFilter@20fdd484, org.springframework.security.web.access.ExceptionTranslationFilter@6be8e6ee, org.springframework.security.web.access.intercept.AuthorizationFilter@68c1d547]
2024-09-26T19:56:57.198+07:00  INFO 27866 --- [    Test worker] c.e.MoShop.MoShopApplicationTests        : Started MoShopApplicationTests in 20.422 seconds (process running for 21.569)
]]></system-out>
  <system-err><![CDATA[]]></system-err>
</testsuite>
